<?xml version="1.0" encoding="UTF-8" ?>
<testsuites errors="0"
            failures="1"
            tests="1">

  <testsuite name="EPLogTests"
    errors="0" failures="1" hostname="" id="" package="EPLogTests" skipped="0"
    tests="1" time="43.33" timestamp="Wed, 11 Apr 2018 16:47:59 GMT">
  
    <testcase name="Log In and Test EPLog" classname="EPLogTests" time="43.33" assertions="4">

    

    

      <failure message="Timed out while waiting for element &lt;//a[@class=&#34;dxtc-link&#34;])[1]&gt; to be present for 10000 milliseconds.">    at Object.Log In and Test EPLog (C:\Users\brohrbacher\Desktop\Your Documents\DevMountain Class\Class\Final Project\Group Project\EtaProWeb\Tests\EPLogTests.js:27:15)</failure>

    
    </testcase>
  

  

  
  </testsuite>
</testsuites>
